<?xml version="1.0" encoding="UTF-8"?>
<!-- Generated by org.testng.reporters.JUnitReportReporter -->
<testsuite hostname="LAPTOP-0VTA5OTU" failures="0" tests="1" name="Lamb.Seleni101.AppTest" time="0.004" errors="0" timestamp="2022-07-27T11:19:00 IST" skipped="0">
  <testcase classname="Lamb.Seleni101.AppTest" name="shouldAnswerWithTrue" time="0.004"/>
  <system-out/>
</testsuite> <!-- Lamb.Seleni101.AppTest -->
